2024-09-09 15:22:56.388 [info] Reading sessions from keychain...
2024-09-09 15:22:56.388 [info] Getting sessions for all scopes...
2024-09-09 15:22:56.388 [info] Getting sessions for all scopes...
2024-09-09 15:22:56.388 [info] Getting sessions for read:user,repo,user:email,workflow...
2024-09-09 15:22:56.417 [info] Got 0 sessions for ...
2024-09-09 15:22:56.417 [info] Got 0 sessions for ...
2024-09-09 15:22:56.417 [info] Got 0 sessions for read:user,repo,user:email,workflow...
2024-09-09 15:23:08.177 [info] Logging in with 'any' account...
2024-09-09 15:23:08.177 [info] Logging in for the following scopes: read:user repo user:email workflow
2024-09-09 15:23:08.179 [info] Trying without local server... (read:user repo user:email workflow)
2024-09-09 15:24:22.168 [info] Exchanging code for token...
2024-09-09 15:24:23.185 [info] Token exchange success!
2024-09-09 15:24:23.187 [info] Getting user info...
2024-09-09 15:24:24.584 [info] Got account info!
2024-09-09 15:24:24.587 [info] Storing 1 sessions...
2024-09-09 15:24:24.617 [info] Reading sessions from keychain...
2024-09-09 15:24:24.617 [info] Stored 1 sessions!
2024-09-09 15:24:24.618 [info] Login success!
2024-09-09 15:24:24.636 [info] Got stored sessions!
2024-09-09 15:24:24.636 [info] Got 1 verified sessions.
2024-09-09 15:24:25.229 [info] Getting sessions for read:user,repo,user:email,workflow...
2024-09-09 15:24:25.230 [info] Got 1 sessions for read:user,repo,user:email,workflow...
2024-09-09 15:24:25.254 [info] Getting sessions for read:user,repo,user:email,workflow...
2024-09-09 15:24:25.254 [info] Got 1 sessions for read:user,repo,user:email,workflow...
