[    24.742] (--) Log file renamed from "/home/joe/.local/share/xorg/Xorg.pid-1425.log" to "/home/joe/.local/share/xorg/Xorg.0.log"
[    24.742] 
X.Org X Server 1.20.13
X Protocol Version 11, Revision 0
[    24.742] Build Operating System: linux Ubuntu
[    24.742] Current Operating System: Linux joe-HP-EliteBook-x360-1030-G4 5.15.0-119-generic #129~20.04.1-Ubuntu SMP Wed Aug 7 13:07:13 UTC 2024 x86_64
[    24.742] Kernel command line: BOOT_IMAGE=/boot/vmlinuz-5.15.0-119-generic root=/dev/mapper/vgubuntu-root ro quiet splash vt.handoff=7
[    24.742] Build Date: 09 April 2024  01:36:10AM
[    24.742] xorg-server 2:1.20.13-1ubuntu1~20.04.17 (For technical support please see http://www.ubuntu.com/support) 
[    24.743] Current version of pixman: 0.38.4
[    24.743] 	Before reporting problems, check http://wiki.x.org
	to make sure that you have the latest version.
[    24.743] Markers: (--) probed, (**) from config file, (==) default setting,
	(++) from command line, (!!) notice, (II) informational,
	(WW) warning, (EE) error, (NI) not implemented, (??) unknown.
[    24.743] (==) Log file: "/home/joe/.local/share/xorg/Xorg.0.log", Time: Mon Sep  9 19:25:27 2024
[    24.743] (==) Using system config directory "/usr/share/X11/xorg.conf.d"
[    24.745] (==) No Layout section.  Using the first Screen section.
[    24.745] (==) No screen section available. Using defaults.
[    24.745] (**) |-->Screen "Default Screen Section" (0)
[    24.745] (**) |   |-->Monitor "<default monitor>"
[    24.746] (==) No monitor specified for screen "Default Screen Section".
	Using a default monitor configuration.
[    24.746] (==) Automatically adding devices
[    24.746] (==) Automatically enabling devices
[    24.746] (==) Automatically adding GPU devices
[    24.746] (==) Automatically binding GPU devices
[    24.746] (==) Max clients allowed: 256, resource mask: 0x1fffff
[    24.746] (WW) The directory "/usr/share/fonts/X11/cyrillic" does not exist.
[    24.746] 	Entry deleted from font path.
[    24.746] (WW) The directory "/usr/share/fonts/X11/100dpi/" does not exist.
[    24.746] 	Entry deleted from font path.
[    24.746] (WW) The directory "/usr/share/fonts/X11/75dpi/" does not exist.
[    24.746] 	Entry deleted from font path.
[    24.746] (WW) The directory "/usr/share/fonts/X11/100dpi" does not exist.
[    24.746] 	Entry deleted from font path.
[    24.746] (WW) The directory "/usr/share/fonts/X11/75dpi" does not exist.
[    24.746] 	Entry deleted from font path.
[    24.746] (==) FontPath set to:
	/usr/share/fonts/X11/misc,
	/usr/share/fonts/X11/Type1,
	built-ins
[    24.746] (==) ModulePath set to "/usr/lib/xorg/modules"
[    24.746] (II) The server relies on udev to provide the list of input devices.
	If no devices become available, reconfigure udev or disable AutoAddDevices.
[    24.746] (II) Loader magic: 0x5624a18bf020
[    24.746] (II) Module ABI versions:
[    24.746] 	X.Org ANSI C Emulation: 0.4
[    24.746] 	X.Org Video Driver: 24.1
[    24.746] 	X.Org XInput driver : 24.1
[    24.746] 	X.Org Server Extension : 10.0
[    24.747] (++) using VT number 2

[    24.749] (II) systemd-logind: took control of session /org/freedesktop/login1/session/_32
[    24.750] (II) xfree86: Adding drm device (/dev/dri/card0)
[    24.750] (II) systemd-logind: got fd for /dev/dri/card0 226:0 fd 12 paused 0
[    24.753] (--) PCI:*(0@0:2:0) 8086:3ea0:103c:8637 rev 2, Mem @ 0xdf000000/16777216, 0xa0000000/268435456, I/O @ 0x00003000/64, BIOS @ 0x????????/131072
[    24.754] (II) LoadModule: "glx"
[    24.755] (II) Loading /usr/lib/xorg/modules/extensions/libglx.so
[    24.757] (II) Module glx: vendor="X.Org Foundation"
[    24.757] 	compiled for 1.20.13, module version = 1.0.0
[    24.757] 	ABI class: X.Org Server Extension, version 10.0
[    24.757] (==) Matched modesetting as autoconfigured driver 0
[    24.757] (==) Matched fbdev as autoconfigured driver 1
[    24.757] (==) Matched vesa as autoconfigured driver 2
[    24.757] (==) Assigned the driver to the xf86ConfigLayout
[    24.757] (II) LoadModule: "modesetting"
[    24.757] (II) Loading /usr/lib/xorg/modules/drivers/modesetting_drv.so
[    24.759] (II) Module modesetting: vendor="X.Org Foundation"
[    24.759] 	compiled for 1.20.13, module version = 1.20.13
[    24.759] 	Module class: X.Org Video Driver
[    24.759] 	ABI class: X.Org Video Driver, version 24.1
[    24.759] (II) LoadModule: "fbdev"
[    24.759] (II) Loading /usr/lib/xorg/modules/drivers/fbdev_drv.so
[    24.759] (II) Module fbdev: vendor="X.Org Foundation"
[    24.759] 	compiled for 1.20.1, module version = 0.5.0
[    24.759] 	Module class: X.Org Video Driver
[    24.759] 	ABI class: X.Org Video Driver, version 24.0
[    24.759] (II) LoadModule: "vesa"
[    24.759] (II) Loading /usr/lib/xorg/modules/drivers/vesa_drv.so
[    24.760] (II) Module vesa: vendor="X.Org Foundation"
[    24.760] 	compiled for 1.20.4, module version = 2.4.0
[    24.760] 	Module class: X.Org Video Driver
[    24.760] 	ABI class: X.Org Video Driver, version 24.0
[    24.760] (II) modesetting: Driver for Modesetting Kernel Drivers: kms
[    24.760] (II) FBDEV: driver for framebuffer: fbdev
[    24.760] (II) VESA: driver for VESA chipsets: vesa
[    24.760] xf86EnableIOPorts: failed to set IOPL for I/O (Operation not permitted)
[    24.760] (II) modeset(0): using drv /dev/dri/card0
[    24.760] (WW) Falling back to old probe method for fbdev
[    24.760] (II) Loading sub module "fbdevhw"
[    24.760] (II) LoadModule: "fbdevhw"
[    24.760] (II) Loading /usr/lib/xorg/modules/libfbdevhw.so
[    24.761] (II) Module fbdevhw: vendor="X.Org Foundation"
[    24.761] 	compiled for 1.20.13, module version = 0.0.2
[    24.761] 	ABI class: X.Org Video Driver, version 24.1
[    24.761] (EE) open /dev/fb0: Permission denied
[    24.761] (WW) VGA arbiter: cannot open kernel arbiter, no multi-card support
[    24.761] (II) modeset(0): Creating default Display subsection in Screen section
	"Default Screen Section" for depth/fbbpp 24/32
[    24.761] (==) modeset(0): Depth 24, (==) framebuffer bpp 32
[    24.761] (==) modeset(0): RGB weight 888
[    24.761] (==) modeset(0): Default visual is TrueColor
[    24.761] (II) Loading sub module "glamoregl"
[    24.761] (II) LoadModule: "glamoregl"
[    24.761] (II) Loading /usr/lib/xorg/modules/libglamoregl.so
[    24.766] (II) Module glamoregl: vendor="X.Org Foundation"
[    24.766] 	compiled for 1.20.13, module version = 1.0.1
[    24.766] 	ABI class: X.Org ANSI C Emulation, version 0.4
[    24.802] (II) modeset(0): glamor X acceleration enabled on Mesa Intel(R) UHD Graphics 620 (WHL GT2)
[    24.802] (II) modeset(0): glamor initialized
[    24.804] (II) modeset(0): Output eDP-1 has no monitor section
[    24.804] (II) modeset(0): Output DP-1 has no monitor section
[    24.811] (II) modeset(0): Output HDMI-1 has no monitor section
[    24.811] (II) modeset(0): Output DP-2 has no monitor section
[    24.819] (II) modeset(0): Output HDMI-2 has no monitor section
[    24.821] (II) modeset(0): EDID for output eDP-1
[    24.821] (II) modeset(0): Manufacturer: AUO  Model: 522d  Serial#: 0
[    24.821] (II) modeset(0): Year: 2018  Week: 48
[    24.821] (II) modeset(0): EDID Version: 1.4
[    24.821] (II) modeset(0): Digital Display Input
[    24.821] (II) modeset(0): 6 bits per channel
[    24.821] (II) modeset(0): Digital interface is DisplayPort
[    24.821] (II) modeset(0): Max Image Size [cm]: horiz.: 29  vert.: 17
[    24.821] (II) modeset(0): Gamma: 2.20
[    24.821] (II) modeset(0): No DPMS capabilities specified
[    24.821] (II) modeset(0): Supported color encodings: RGB 4:4:4 
[    24.821] (II) modeset(0): First detailed timing is preferred mode
[    24.821] (II) modeset(0): Preferred mode is native pixel format and refresh rate
[    24.821] (II) modeset(0): redX: 0.619 redY: 0.334   greenX: 0.306 greenY: 0.605
[    24.821] (II) modeset(0): blueX: 0.148 blueY: 0.060   whiteX: 0.313 whiteY: 0.329
[    24.821] (II) modeset(0): Manufacturer's mask: 0
[    24.821] (II) modeset(0): Supported detailed timing:
[    24.821] (II) modeset(0): clock: 142.6 MHz   Image Size:  293 x 165 mm
[    24.821] (II) modeset(0): h_active: 1920  h_sync: 1978  h_sync_end 2020 h_blank_end 2080 h_border: 0
[    24.821] (II) modeset(0): v_active: 1080  v_sync: 1083  v_sync_end 1088 v_blanking: 1142 v_border: 0
[    24.821] (II) modeset(0): Supported detailed timing:
[    24.821] (II) modeset(0): clock: 95.1 MHz   Image Size:  293 x 165 mm
[    24.821] (II) modeset(0): h_active: 1920  h_sync: 1978  h_sync_end 2020 h_blank_end 2080 h_border: 0
[    24.821] (II) modeset(0): v_active: 1080  v_sync: 1083  v_sync_end 1088 v_blanking: 1142 v_border: 0
[    24.821] (II) modeset(0):  2DK4K
[    24.821] (II) modeset(0): Unknown vendor-specific block 0
[    24.821] (II) modeset(0): EDID (in hex):
[    24.821] (II) modeset(0): 	00ffffffffffff0006af2d5200000000
[    24.821] (II) modeset(0): 	301c0104951d117802a4159e554e9b26
[    24.821] (II) modeset(0): 	0f505400000001010101010101010101
[    24.821] (II) modeset(0): 	010101010101b43780a070383e403a2a
[    24.821] (II) modeset(0): 	350025a51000001a232580a070383e40
[    24.821] (II) modeset(0): 	3a2a350025a51000001a000000fe0032
[    24.821] (II) modeset(0): 	444b344b004231333348414e00000000
[    24.821] (II) modeset(0): 	00008122a8001100000b010a2020004d
[    24.821] (II) modeset(0): Printing probed modes for output eDP-1
[    24.821] (II) modeset(0): Modeline "1920x1080"x60.0  142.60  1920 1978 2020 2080  1080 1083 1088 1142 +hsync -vsync (68.6 kHz eP)
[    24.821] (II) modeset(0): Modeline "1920x1080"x120.0  356.38  1920 2080 2288 2656  1080 1081 1084 1118 doublescan -hsync +vsync (134.2 kHz d)
[    24.821] (II) modeset(0): Modeline "1920x1080"x119.9  266.50  1920 1944 1960 2000  1080 1081 1084 1111 doublescan +hsync -vsync (133.2 kHz d)
[    24.821] (II) modeset(0): Modeline "1920x1080"x60.0  173.00  1920 2048 2248 2576  1080 1083 1088 1120 -hsync +vsync (67.2 kHz d)
[    24.821] (II) modeset(0): Modeline "1920x1080"x59.9  138.50  1920 1968 2000 2080  1080 1083 1088 1111 +hsync -vsync (66.6 kHz d)
[    24.821] (II) modeset(0): Modeline "1920x1080"x40.0   95.07  1920 1978 2020 2080  1080 1083 1088 1142 +hsync -vsync (45.7 kHz e)
[    24.821] (II) modeset(0): Modeline "1680x1050"x60.0  146.25  1680 1784 1960 2240  1050 1053 1059 1089 -hsync +vsync (65.3 kHz d)
[    24.821] (II) modeset(0): Modeline "1680x1050"x59.9  119.00  1680 1728 1760 1840  1050 1053 1059 1080 +hsync -vsync (64.7 kHz d)
[    24.821] (II) modeset(0): Modeline "1600x1024"x60.2  103.12  1600 1600 1656 1664  1024 1024 1029 1030 +hsync +vsync (62.0 kHz d)
[    24.821] (II) modeset(0): Modeline "1400x1050"x60.0  122.00  1400 1488 1640 1880  1050 1052 1064 1082 +hsync +vsync (64.9 kHz d)
[    24.821] (II) modeset(0): Modeline "1600x900"x120.0  246.00  1600 1728 1900 2200  900 901 904 932 doublescan -hsync +vsync (111.8 kHz d)
[    24.821] (II) modeset(0): Modeline "1600x900"x119.9  186.50  1600 1624 1640 1680  900 901 904 926 doublescan +hsync -vsync (111.0 kHz d)
[    24.821] (II) modeset(0): Modeline "1600x900"x59.9  118.25  1600 1696 1856 2112  900 903 908 934 -hsync +vsync (56.0 kHz d)
[    24.821] (II) modeset(0): Modeline "1600x900"x59.8   97.50  1600 1648 1680 1760  900 903 908 926 +hsync -vsync (55.4 kHz d)
[    24.821] (II) modeset(0): Modeline "1280x1024"x60.0  108.00  1280 1328 1440 1688  1024 1025 1028 1066 +hsync +vsync (64.0 kHz d)
[    24.821] (II) modeset(0): Modeline "1440x900"x59.9  106.50  1440 1520 1672 1904  900 903 909 934 -hsync +vsync (55.9 kHz d)
[    24.821] (II) modeset(0): Modeline "1400x900"x60.0  103.50  1400 1480 1624 1848  900 903 913 934 -hsync +vsync (56.0 kHz d)
[    24.821] (II) modeset(0): Modeline "1400x900"x59.9   86.50  1400 1448 1480 1560  900 903 913 926 +hsync -vsync (55.4 kHz d)
[    24.821] (II) modeset(0): Modeline "1280x960"x60.0  108.00  1280 1376 1488 1800  960 961 964 1000 +hsync +vsync (60.0 kHz d)
[    24.821] (II) modeset(0): Modeline "1440x810"x120.0  198.12  1440 1548 1704 1968  810 811 814 839 doublescan -hsync +vsync (100.7 kHz d)
[    24.821] (II) modeset(0): Modeline "1440x810"x119.9  151.88  1440 1464 1480 1520  810 811 814 833 doublescan +hsync -vsync (99.9 kHz d)
[    24.821] (II) modeset(0): Modeline "1368x768"x59.9   85.25  1368 1440 1576 1784  768 771 781 798 -hsync +vsync (47.8 kHz d)
[    24.821] (II) modeset(0): Modeline "1368x768"x59.9   72.25  1368 1416 1448 1528  768 771 781 790 +hsync -vsync (47.3 kHz d)
[    24.822] (II) modeset(0): Modeline "1360x768"x59.8   84.75  1360 1432 1568 1776  768 771 781 798 -hsync +vsync (47.7 kHz d)
[    24.822] (II) modeset(0): Modeline "1360x768"x60.0   72.00  1360 1408 1440 1520  768 771 781 790 +hsync -vsync (47.4 kHz d)
[    24.822] (II) modeset(0): Modeline "1280x800"x120.0  174.25  1280 1380 1516 1752  800 801 804 829 doublescan -hsync +vsync (99.5 kHz d)
[    24.822] (II) modeset(0): Modeline "1280x800"x119.9  134.25  1280 1304 1320 1360  800 801 804 823 doublescan +hsync -vsync (98.7 kHz d)
[    24.822] (II) modeset(0): Modeline "1280x800"x59.8   83.50  1280 1352 1480 1680  800 803 809 831 -hsync +vsync (49.7 kHz d)
[    24.822] (II) modeset(0): Modeline "1280x800"x59.9   71.00  1280 1328 1360 1440  800 803 809 823 +hsync -vsync (49.3 kHz d)
[    24.822] (II) modeset(0): Modeline "1152x864"x60.0   81.62  1152 1216 1336 1520  864 865 868 895 -hsync +vsync (53.7 kHz d)
[    24.822] (II) modeset(0): Modeline "1280x720"x120.0  156.12  1280 1376 1512 1744  720 721 724 746 doublescan -hsync +vsync (89.5 kHz d)
[    24.822] (II) modeset(0): Modeline "1280x720"x120.0  120.75  1280 1304 1320 1360  720 721 724 740 doublescan +hsync -vsync (88.8 kHz d)
[    24.822] (II) modeset(0): Modeline "1280x720"x59.9   74.50  1280 1344 1472 1664  720 723 728 748 -hsync +vsync (44.8 kHz d)
[    24.822] (II) modeset(0): Modeline "1280x720"x59.7   63.75  1280 1328 1360 1440  720 723 728 741 +hsync -vsync (44.3 kHz d)
[    24.822] (II) modeset(0): Modeline "1024x768"x120.1  133.47  1024 1100 1212 1400  768 768 770 794 doublescan -hsync +vsync (95.3 kHz d)
[    24.822] (II) modeset(0): Modeline "1024x768"x60.0   65.00  1024 1048 1184 1344  768 771 777 806 -hsync -vsync (48.4 kHz d)
[    24.822] (II) modeset(0): Modeline "960x720"x120.0  117.00  960 1024 1128 1300  720 720 722 750 doublescan -hsync +vsync (90.0 kHz d)
[    24.822] (II) modeset(0): Modeline "928x696"x120.1  109.15  928 976 1088 1264  696 696 698 719 doublescan -hsync +vsync (86.4 kHz d)
[    24.822] (II) modeset(0): Modeline "896x672"x120.0  102.40  896 960 1060 1224  672 672 674 697 doublescan -hsync +vsync (83.7 kHz d)
[    24.822] (II) modeset(0): Modeline "1024x576"x119.9   98.50  1024 1092 1200 1376  576 577 580 597 doublescan -hsync +vsync (71.6 kHz d)
[    24.822] (II) modeset(0): Modeline "1024x576"x119.9   78.38  1024 1048 1064 1104  576 577 580 592 doublescan +hsync -vsync (71.0 kHz d)
[    24.822] (II) modeset(0): Modeline "1024x576"x59.9   46.50  1024 1064 1160 1296  576 579 584 599 -hsync +vsync (35.9 kHz d)
[    24.822] (II) modeset(0): Modeline "1024x576"x59.8   42.00  1024 1072 1104 1184  576 579 584 593 +hsync -vsync (35.5 kHz d)
[    24.822] (II) modeset(0): Modeline "960x600"x119.9   96.62  960 1028 1128 1296  600 601 604 622 doublescan -hsync +vsync (74.6 kHz d)
[    24.822] (II) modeset(0): Modeline "960x600"x120.0   77.00  960 984 1000 1040  600 601 604 617 doublescan +hsync -vsync (74.0 kHz d)
[    24.822] (II) modeset(0): Modeline "960x540"x119.9   86.50  960 1024 1124 1288  540 541 544 560 doublescan -hsync +vsync (67.2 kHz d)
[    24.822] (II) modeset(0): Modeline "960x540"x120.0   69.25  960 984 1000 1040  540 541 544 555 doublescan +hsync -vsync (66.6 kHz d)
[    24.822] (II) modeset(0): Modeline "960x540"x59.6   40.75  960 992 1088 1216  540 543 548 562 -hsync +vsync (33.5 kHz d)
[    24.822] (II) modeset(0): Modeline "960x540"x59.8   37.25  960 1008 1040 1120  540 543 548 556 +hsync -vsync (33.3 kHz d)
[    24.822] (II) modeset(0): Modeline "800x600"x120.0   81.00  800 832 928 1080  600 600 602 625 doublescan +hsync +vsync (75.0 kHz d)
[    24.822] (II) modeset(0): Modeline "800x600"x60.3   40.00  800 840 968 1056  600 601 605 628 +hsync +vsync (37.9 kHz d)
[    24.822] (II) modeset(0): Modeline "800x600"x56.2   36.00  800 824 896 1024  600 601 603 625 +hsync +vsync (35.2 kHz d)
[    24.822] (II) modeset(0): Modeline "840x525"x120.0   73.12  840 892 980 1120  525 526 529 544 doublescan -hsync +vsync (65.3 kHz d)
[    24.822] (II) modeset(0): Modeline "840x525"x119.8   59.50  840 864 880 920  525 526 529 540 doublescan +hsync -vsync (64.7 kHz d)
[    24.822] (II) modeset(0): Modeline "864x486"x59.9   32.50  864 888 968 1072  486 489 494 506 -hsync +vsync (30.3 kHz d)
[    24.822] (II) modeset(0): Modeline "864x486"x59.6   30.50  864 912 944 1024  486 489 494 500 +hsync -vsync (29.8 kHz d)
[    24.822] (II) modeset(0): Modeline "800x512"x120.3   51.56  800 800 828 832  512 512 514 515 doublescan +hsync +vsync (62.0 kHz d)
[    24.822] (II) modeset(0): Modeline "700x525"x120.0   61.00  700 744 820 940  525 526 532 541 doublescan +hsync +vsync (64.9 kHz d)
[    24.822] (II) modeset(0): Modeline "800x450"x119.9   59.12  800 848 928 1056  450 451 454 467 doublescan -hsync +vsync (56.0 kHz d)
[    24.822] (II) modeset(0): Modeline "800x450"x119.6   48.75  800 824 840 880  450 451 454 463 doublescan +hsync -vsync (55.4 kHz d)
[    24.822] (II) modeset(0): Modeline "640x512"x120.0   54.00  640 664 720 844  512 512 514 533 doublescan +hsync +vsync (64.0 kHz d)
[    24.822] (II) modeset(0): Modeline "720x450"x119.8   53.25  720 760 836 952  450 451 454 467 doublescan -hsync +vsync (55.9 kHz d)
[    24.822] (II) modeset(0): Modeline "700x450"x119.9   51.75  700 740 812 924  450 451 456 467 doublescan -hsync +vsync (56.0 kHz d)
[    24.822] (II) modeset(0): Modeline "700x450"x119.8   43.25  700 724 740 780  450 451 456 463 doublescan +hsync -vsync (55.4 kHz d)
[    24.822] (II) modeset(0): Modeline "640x480"x120.0   54.00  640 688 744 900  480 480 482 500 doublescan +hsync +vsync (60.0 kHz d)
[    24.822] (II) modeset(0): Modeline "640x480"x59.9   25.18  640 656 752 800  480 490 492 525 -hsync -vsync (31.5 kHz d)
[    24.822] (II) modeset(0): Modeline "720x405"x59.5   22.50  720 744 808 896  405 408 413 422 -hsync +vsync (25.1 kHz d)
[    24.822] (II) modeset(0): Modeline "720x405"x59.0   21.75  720 768 800 880  405 408 413 419 +hsync -vsync (24.7 kHz d)
[    24.822] (II) modeset(0): Modeline "684x384"x119.8   42.62  684 720 788 892  384 385 390 399 doublescan -hsync +vsync (47.8 kHz d)
[    24.822] (II) modeset(0): Modeline "684x384"x119.7   36.12  684 708 724 764  384 385 390 395 doublescan +hsync -vsync (47.3 kHz d)
[    24.822] (II) modeset(0): Modeline "680x384"x119.6   42.38  680 716 784 888  384 385 390 399 doublescan -hsync +vsync (47.7 kHz d)
[    24.822] (II) modeset(0): Modeline "680x384"x119.9   36.00  680 704 720 760  384 385 390 395 doublescan +hsync -vsync (47.4 kHz d)
[    24.822] (II) modeset(0): Modeline "640x400"x119.8   41.75  640 676 740 840  400 401 404 415 doublescan -hsync +vsync (49.7 kHz d)
[    24.822] (II) modeset(0): Modeline "640x400"x120.0   35.50  640 664 680 720  400 401 404 411 doublescan +hsync -vsync (49.3 kHz d)
[    24.822] (II) modeset(0): Modeline "576x432"x120.1   40.81  576 608 668 760  432 432 434 447 doublescan -hsync +vsync (53.7 kHz d)
[    24.822] (II) modeset(0): Modeline "640x360"x119.7   37.25  640 672 736 832  360 361 364 374 doublescan -hsync +vsync (44.8 kHz d)
[    24.822] (II) modeset(0): Modeline "640x360"x119.7   31.88  640 664 680 720  360 361 364 370 doublescan +hsync -vsync (44.3 kHz d)
[    24.822] (II) modeset(0): Modeline "640x360"x59.8   18.00  640 664 720 800  360 363 368 376 -hsync +vsync (22.5 kHz d)
[    24.822] (II) modeset(0): Modeline "640x360"x59.3   17.75  640 688 720 800  360 363 368 374 +hsync -vsync (22.2 kHz d)
[    24.822] (II) modeset(0): Modeline "512x384"x120.0   32.50  512 524 592 672  384 385 388 403 doublescan -hsync -vsync (48.4 kHz d)
[    24.822] (II) modeset(0): Modeline "512x288"x120.0   23.25  512 532 580 648  288 289 292 299 doublescan -hsync +vsync (35.9 kHz d)
[    24.822] (II) modeset(0): Modeline "512x288"x119.8   21.00  512 536 552 592  288 289 292 296 doublescan +hsync -vsync (35.5 kHz d)
[    24.822] (II) modeset(0): Modeline "480x270"x119.3   20.38  480 496 544 608  270 271 274 281 doublescan -hsync +vsync (33.5 kHz d)
[    24.822] (II) modeset(0): Modeline "480x270"x119.6   18.62  480 504 520 560  270 271 274 278 doublescan +hsync -vsync (33.3 kHz d)
[    24.822] (II) modeset(0): Modeline "400x300"x120.6   20.00  400 420 484 528  300 300 302 314 doublescan +hsync +vsync (37.9 kHz d)
[    24.822] (II) modeset(0): Modeline "400x300"x112.7   18.00  400 412 448 512  300 300 301 312 doublescan +hsync +vsync (35.2 kHz d)
[    24.822] (II) modeset(0): Modeline "432x243"x119.8   16.25  432 444 484 536  243 244 247 253 doublescan -hsync +vsync (30.3 kHz d)
[    24.822] (II) modeset(0): Modeline "432x243"x119.1   15.25  432 456 472 512  243 244 247 250 doublescan +hsync -vsync (29.8 kHz d)
[    24.822] (II) modeset(0): Modeline "320x240"x120.1   12.59  320 328 376 400  240 245 246 262 doublescan -hsync -vsync (31.5 kHz d)
[    24.822] (II) modeset(0): Modeline "360x202"x119.0   11.25  360 372 404 448  202 204 206 211 doublescan -hsync +vsync (25.1 kHz d)
[    24.822] (II) modeset(0): Modeline "360x202"x118.3   10.88  360 384 400 440  202 204 206 209 doublescan +hsync -vsync (24.7 kHz d)
[    24.822] (II) modeset(0): Modeline "320x180"x119.7    9.00  320 332 360 400  180 181 184 188 doublescan -hsync +vsync (22.5 kHz d)
[    24.822] (II) modeset(0): Modeline "320x180"x118.6    8.88  320 344 360 400  180 181 184 187 doublescan +hsync -vsync (22.2 kHz d)
[    24.822] (II) modeset(0): EDID for output DP-1
[    24.829] (II) modeset(0): EDID for output HDMI-1
[    24.829] (II) modeset(0): EDID for output DP-2
[    24.837] (II) modeset(0): EDID for output HDMI-2
[    24.837] (II) modeset(0): Output eDP-1 connected
[    24.837] (II) modeset(0): Output DP-1 disconnected
[    24.837] (II) modeset(0): Output HDMI-1 disconnected
[    24.837] (II) modeset(0): Output DP-2 disconnected
[    24.837] (II) modeset(0): Output HDMI-2 disconnected
[    24.837] (II) modeset(0): Using exact sizes for initial modes
[    24.837] (II) modeset(0): Output eDP-1 using initial mode 1920x1080 +0+0
[    24.837] (==) modeset(0): Using gamma correction (1.0, 1.0, 1.0)
[    24.837] (==) modeset(0): DPI set to (96, 96)
[    24.837] (II) Loading sub module "fb"
[    24.837] (II) LoadModule: "fb"
[    24.837] (II) Loading /usr/lib/xorg/modules/libfb.so
[    24.838] (II) Module fb: vendor="X.Org Foundation"
[    24.838] 	compiled for 1.20.13, module version = 1.0.0
[    24.838] 	ABI class: X.Org ANSI C Emulation, version 0.4
[    24.838] (II) UnloadModule: "fbdev"
[    24.838] (II) Unloading fbdev
[    24.838] (II) UnloadSubModule: "fbdevhw"
[    24.838] (II) Unloading fbdevhw
[    24.838] (II) UnloadModule: "vesa"
[    24.838] (II) Unloading vesa
[    24.864] (==) modeset(0): Backing store enabled
[    24.864] (==) modeset(0): Silken mouse enabled
[    24.954] (II) modeset(0): Initializing kms color map for depth 24, 8 bpc.
[    24.955] (==) modeset(0): DPMS enabled
[    24.955] (II) modeset(0): [DRI2] Setup complete
[    24.955] (II) modeset(0): [DRI2]   DRI driver: iris
[    24.955] (II) modeset(0): [DRI2]   VDPAU driver: va_gl
[    24.955] (II) Initializing extension Generic Event Extension
[    24.955] (II) Initializing extension SHAPE
[    24.955] (II) Initializing extension MIT-SHM
[    24.955] (II) Initializing extension XInputExtension
[    24.962] (II) Initializing extension XTEST
[    24.963] (II) Initializing extension BIG-REQUESTS
[    24.963] (II) Initializing extension SYNC
[    24.963] (II) Initializing extension XKEYBOARD
[    24.963] (II) Initializing extension XC-MISC
[    24.964] (II) Initializing extension SECURITY
[    24.964] (II) Initializing extension XFIXES
[    24.964] (II) Initializing extension RENDER
[    24.964] (II) Initializing extension RANDR
[    24.965] (II) Initializing extension COMPOSITE
[    24.965] (II) Initializing extension DAMAGE
[    24.965] (II) Initializing extension MIT-SCREEN-SAVER
[    24.965] (II) Initializing extension DOUBLE-BUFFER
[    24.966] (II) Initializing extension RECORD
[    24.966] (II) Initializing extension DPMS
[    24.966] (II) Initializing extension Present
[    24.966] (II) Initializing extension DRI3
[    24.966] (II) Initializing extension X-Resource
[    24.967] (II) Initializing extension XVideo
[    24.967] (II) Initializing extension XVideo-MotionCompensation
[    24.967] (II) Initializing extension SELinux
[    24.967] (II) SELinux: Disabled on system
[    24.967] (II) Initializing extension GLX
[    24.977] (II) AIGLX: Loaded and initialized iris
[    24.977] (II) GLX: Initialized DRI2 GL provider for screen 0
[    24.977] (II) Initializing extension XFree86-VidModeExtension
[    24.978] (II) Initializing extension XFree86-DGA
[    24.978] (II) Initializing extension XFree86-DRI
[    24.978] (II) Initializing extension DRI2
[    24.979] (II) modeset(0): Damage tracking initialized
[    24.979] (II) modeset(0): Setting screen physical size to 508 x 285
[    25.025] (II) config/udev: Adding input device Power Button (/dev/input/event3)
[    25.025] (**) Power Button: Applying InputClass "libinput keyboard catchall"
[    25.025] (II) LoadModule: "libinput"
[    25.025] (II) Loading /usr/lib/xorg/modules/input/libinput_drv.so
[    25.028] (II) Module libinput: vendor="X.Org Foundation"
[    25.028] 	compiled for 1.20.4, module version = 0.29.0
[    25.028] 	Module class: X.Org XInput Driver
[    25.029] 	ABI class: X.Org XInput driver, version 24.1
[    25.029] (II) Using input driver 'libinput' for 'Power Button'
[    25.029] (II) systemd-logind: got fd for /dev/input/event3 13:67 fd 26 paused 0
[    25.029] (**) Power Button: always reports core events
[    25.029] (**) Option "Device" "/dev/input/event3"
[    25.029] (**) Option "_source" "server/udev"
[    25.032] (II) event3  - Power Button: is tagged by udev as: Keyboard
[    25.032] (II) event3  - Power Button: device is a keyboard
[    25.032] (II) event3  - Power Button: device removed
[    25.032] (**) Option "config_info" "udev:/sys/devices/LNXSYSTM:00/LNXPWRBN:00/input/input3/event3"
[    25.032] (II) XINPUT: Adding extended input device "Power Button" (type: KEYBOARD, id 6)
[    25.032] (**) Option "xkb_model" "pc105"
[    25.032] (**) Option "xkb_layout" "us"
[    25.034] (II) event3  - Power Button: is tagged by udev as: Keyboard
[    25.034] (II) event3  - Power Button: device is a keyboard
[    25.034] (II) config/udev: Adding input device Video Bus (/dev/input/event13)
[    25.034] (**) Video Bus: Applying InputClass "libinput keyboard catchall"
[    25.034] (II) Using input driver 'libinput' for 'Video Bus'
[    25.035] (II) systemd-logind: got fd for /dev/input/event13 13:77 fd 29 paused 0
[    25.035] (**) Video Bus: always reports core events
[    25.035] (**) Option "Device" "/dev/input/event13"
[    25.035] (**) Option "_source" "server/udev"
[    25.036] (II) event13 - Video Bus: is tagged by udev as: Keyboard
[    25.036] (II) event13 - Video Bus: device is a keyboard
[    25.036] (II) event13 - Video Bus: device removed
[    25.036] (**) Option "config_info" "udev:/sys/devices/LNXSYSTM:00/LNXSYBUS:00/PNP0A08:00/LNXVIDEO:00/input/input30/event13"
[    25.036] (II) XINPUT: Adding extended input device "Video Bus" (type: KEYBOARD, id 7)
[    25.036] (**) Option "xkb_model" "pc105"
[    25.037] (**) Option "xkb_layout" "us"
[    25.038] (II) event13 - Video Bus: is tagged by udev as: Keyboard
[    25.038] (II) event13 - Video Bus: device is a keyboard
[    25.038] (II) config/udev: Adding input device Power Button (/dev/input/event2)
[    25.038] (**) Power Button: Applying InputClass "libinput keyboard catchall"
[    25.038] (II) Using input driver 'libinput' for 'Power Button'
[    25.039] (II) systemd-logind: got fd for /dev/input/event2 13:66 fd 30 paused 0
[    25.039] (**) Power Button: always reports core events
[    25.039] (**) Option "Device" "/dev/input/event2"
[    25.039] (**) Option "_source" "server/udev"
[    25.040] (II) event2  - Power Button: is tagged by udev as: Keyboard
[    25.040] (II) event2  - Power Button: device is a keyboard
[    25.041] (II) event2  - Power Button: device removed
[    25.041] (**) Option "config_info" "udev:/sys/devices/LNXSYSTM:00/LNXSYBUS:00/PNP0C0C:00/input/input2/event2"
[    25.041] (II) XINPUT: Adding extended input device "Power Button" (type: KEYBOARD, id 8)
[    25.041] (**) Option "xkb_model" "pc105"
[    25.041] (**) Option "xkb_layout" "us"
[    25.042] (II) event2  - Power Button: is tagged by udev as: Keyboard
[    25.042] (II) event2  - Power Button: device is a keyboard
[    25.043] (II) config/udev: Adding input device Lid Switch (/dev/input/event1)
[    25.043] (II) No input driver specified, ignoring this device.
[    25.043] (II) This device may have been added with another device file.
[    25.043] (II) config/udev: Adding input device Sleep Button (/dev/input/event0)
[    25.043] (**) Sleep Button: Applying InputClass "libinput keyboard catchall"
[    25.043] (II) Using input driver 'libinput' for 'Sleep Button'
[    25.044] (II) systemd-logind: got fd for /dev/input/event0 13:64 fd 31 paused 0
[    25.044] (**) Sleep Button: always reports core events
[    25.044] (**) Option "Device" "/dev/input/event0"
[    25.044] (**) Option "_source" "server/udev"
[    25.045] (II) event0  - Sleep Button: is tagged by udev as: Keyboard
[    25.045] (II) event0  - Sleep Button: device is a keyboard
[    25.045] (II) event0  - Sleep Button: device removed
[    25.045] (**) Option "config_info" "udev:/sys/devices/LNXSYSTM:00/LNXSYBUS:00/PNP0C0E:00/input/input0/event0"
[    25.045] (II) XINPUT: Adding extended input device "Sleep Button" (type: KEYBOARD, id 9)
[    25.045] (**) Option "xkb_model" "pc105"
[    25.045] (**) Option "xkb_layout" "us"
[    25.046] (II) event0  - Sleep Button: is tagged by udev as: Keyboard
[    25.047] (II) event0  - Sleep Button: device is a keyboard
[    25.048] (II) config/udev: Adding input device HP Full-HD Camera: HP Full-HD C (/dev/input/event14)
[    25.048] (**) HP Full-HD Camera: HP Full-HD C: Applying InputClass "libinput keyboard catchall"
[    25.048] (II) Using input driver 'libinput' for 'HP Full-HD Camera: HP Full-HD C'
[    25.049] (II) systemd-logind: got fd for /dev/input/event14 13:78 fd 32 paused 0
[    25.049] (**) HP Full-HD Camera: HP Full-HD C: always reports core events
[    25.049] (**) Option "Device" "/dev/input/event14"
[    25.049] (**) Option "_source" "server/udev"
[    25.050] (II) event14 - HP Full-HD Camera: HP Full-HD C: is tagged by udev as: Keyboard
[    25.050] (II) event14 - HP Full-HD Camera: HP Full-HD C: device is a keyboard
[    25.050] (II) event14 - HP Full-HD Camera: HP Full-HD C: device removed
[    25.050] (**) Option "config_info" "udev:/sys/devices/pci0000:00/0000:00:14.0/usb1/1-9/1-9:1.0/input/input31/event14"
[    25.050] (II) XINPUT: Adding extended input device "HP Full-HD Camera: HP Full-HD C" (type: KEYBOARD, id 10)
[    25.050] (**) Option "xkb_model" "pc105"
[    25.050] (**) Option "xkb_layout" "us"
[    25.052] (II) event14 - HP Full-HD Camera: HP Full-HD C: is tagged by udev as: Keyboard
[    25.052] (II) event14 - HP Full-HD Camera: HP Full-HD C: device is a keyboard
[    25.053] (II) config/udev: Adding input device HP Full-HD Camera: HP IR Camera (/dev/input/event15)
[    25.053] (**) HP Full-HD Camera: HP IR Camera: Applying InputClass "libinput keyboard catchall"
[    25.053] (II) Using input driver 'libinput' for 'HP Full-HD Camera: HP IR Camera'
[    25.053] (II) systemd-logind: got fd for /dev/input/event15 13:79 fd 33 paused 0
[    25.053] (**) HP Full-HD Camera: HP IR Camera: always reports core events
[    25.054] (**) Option "Device" "/dev/input/event15"
[    25.054] (**) Option "_source" "server/udev"
[    25.055] (II) event15 - HP Full-HD Camera: HP IR Camera: is tagged by udev as: Keyboard
[    25.055] (II) event15 - HP Full-HD Camera: HP IR Camera: device is a keyboard
[    25.055] (II) event15 - HP Full-HD Camera: HP IR Camera: device removed
[    25.055] (**) Option "config_info" "udev:/sys/devices/pci0000:00/0000:00:14.0/usb1/1-9/1-9:1.2/input/input32/event15"
[    25.055] (II) XINPUT: Adding extended input device "HP Full-HD Camera: HP IR Camera" (type: KEYBOARD, id 11)
[    25.055] (**) Option "xkb_model" "pc105"
[    25.055] (**) Option "xkb_layout" "us"
[    25.056] (II) event15 - HP Full-HD Camera: HP IR Camera: is tagged by udev as: Keyboard
[    25.056] (II) event15 - HP Full-HD Camera: HP IR Camera: device is a keyboard
[    25.057] (II) config/udev: Adding input device Wacom HID 4890 Pen (/dev/input/event7)
[    25.057] (**) Wacom HID 4890 Pen: Applying InputClass "libinput tablet catchall"
[    25.057] (**) Wacom HID 4890 Pen: Applying InputClass "Wacom USB tablet class"
[    25.057] (**) Wacom HID 4890 Pen: Applying InputClass "Wacom tablet class"
[    25.057] (II) LoadModule: "wacom"
[    25.057] (II) Loading /usr/lib/xorg/modules/input/wacom_drv.so
[    25.059] (II) Module wacom: vendor="X.Org Foundation"
[    25.059] 	compiled for 1.20.7, module version = 0.39.0
[    25.059] 	Module class: X.Org XInput Driver
[    25.059] 	ABI class: X.Org XInput driver, version 24.1
[    25.059] (II) Build version: 0.39.0
[    25.059] (II) wacom: Driver for Wacom graphics tablets: PenPartner, Graphire,
	Graphire2 4x5, Graphire2 5x7, Graphire3 4x5, Graphire3 6x8,
	Graphire4 4x5, Graphire4 6x8, BambooFun 4x5, BambooFun 6x8,
	Bamboo1 Medium, Graphire4 6x8 BlueTooth, CTL-460, CTH-461, CTL-660,
	CTL-461/S, Bamboo Touch, CTH-460/K, CTH-461/S, CTH-661/S1, CTH-461/L,
	CTH-661/L, Intuos 4x5, Intuos 6x8, Intuos 9x12, Intuos 12x12,
	Intuos 12x18, PTU600, PL400, PL500, PL600, PL600SX, PL550, PL800,
	PL700, PL510, PL710, DTI520, DTF720, DTF720a, DTF521, DTU1931,
	DTU2231, DTU1631, DTH1152, DTH1152, DTK2451, DTH2452, DTH2452,
	Intuos2 4x5, Intuos2 6x8, Intuos2 9x12, Intuos2 12x12, Intuos2 12x18,
	Intuos2 6x8 , Volito, PenStation, Volito2 4x5, Volito2 2x3,
	PenPartner2, Bamboo, Bamboo1, Bamboo1 4x6, Bamboo1 5x8, Intuos3 4x5,
	Intuos3 6x8, Intuos3 9x12, Intuos3 12x12, Intuos3 12x19,
	Intuos3 6x11, Intuos3 4x6, Intuos4 4x6, Intuos4 6x9, Intuos4 8x13,
	Intuos4 12x19, Intuos4 WL USB Endpoint,
	Intuos4 WL Bluetooth Endpoint, Intuos5 touch S, Intuos5 touch M,
	Intuos5 touch L, Intuos5 S, Intuos5 M, Intuos Pro S, Intuos Pro M,
	Intuos Pro L, Cintiq 21UX, Cintiq 20WSX, Cintiq 12WX, Cintiq 21UX2,
	Cintiq 24HD, Cintiq 22HD, Cintiq 24HD touch (EMR digitizer),
	Cintiq 13HD, DTK2241, DTH2242, Cintiq 22HDT, Cintiq 27QHDT,
	Cintiq 27QHDT, Mobilestudio Pro 13, MobileStudio Pro 16,
	MobileStudio Pro 13, MobileStudio Pro 16, Cintiq 13 FHD Pro,
	Cintiq 16 UHD Pro, Cintiq Pro 24, Cintiq Pro 32, Cintiq 13 FHD Pro,
	Cintiq 16 UHD Pro, Cintiq Pro 24, Cintiq Pro 32, Cintiq Pro 24,
	Mobilestudio Pro 13, MobileStudio Pro 16, MobileStudio Pro 13,
	MobileStudio Pro 16, MobileStudio Pro 16, MobileStudio Pro 16,
	TabletPC 0x90, TabletPC 0x93, TabletPC 0x97, TabletPC 0x9A,
	CapPlus  0x9F, TabletPC 0xE2, TabletPC 0xE3, TabletPC 0xE5,
	TabletPC 0xE6, TabletPC 0xEC, TabletPC 0xED, TabletPC 0xEF,
	TabletPC 0x100, TabletPC 0x101, TabletPC 0x10D, TabletPC 0x116,
	TabletPC 0x12C, TabletPC 0x4001, TabletPC 0x4004, TabletPC 0x5000,
	TabletPC 0x5002, usb:172f:0024, usb:172f:0025, usb:172f:0026,
	usb:172f:0027, usb:172f:0028, usb:172f:0030, usb:172f:0031,
	usb:172f:0032, usb:172f:0033, usb:172f:0034, usb:172f:0035,
	usb:172f:0036, usb:172f:0037, usb:172f:0038, usb:172f:0039,
	usb:172f:0051, usb:172f:0052, usb:172f:0053, usb:172f:0054,
	usb:172f:0055, usb:172f:0056, usb:172f:0057, usb:172f:0058,
	usb:172f:0500, usb:172f:0501, usb:172f:0502, usb:172f:0503,
	usb:1b96:0001, usb:17ef:6004
[    25.060] (II) Using input driver 'wacom' for 'Wacom HID 4890 Pen'
[    25.061] (II) systemd-logind: got fd for /dev/input/event7 13:71 fd 34 paused 0
[    25.061] (**) Wacom HID 4890 Pen: always reports core events
[    25.061] (**) Option "Device" "/dev/input/event7"
[    25.061] (II) Wacom HID 4890 Pen: type not specified, assuming 'stylus'.
[    25.061] (II) Wacom HID 4890 Pen: other types will be automatically added.
[    25.061] (--) Wacom HID 4890 Pen stylus: using pressure threshold of 851 for button 1
[    25.061] (**) Wacom HID 4890 Pen stylus: panscroll is 0
[    25.061] (**) Wacom HID 4890 Pen stylus: panscroll modified to 1300
[    25.061] (--) Wacom HID 4890 Pen stylus: maxX=29376 maxY=16524 maxZ=4095 resX=100000 resY=100000  tilt=enabled
[    25.061] (II) Wacom HID 4890 Pen stylus: hotplugging dependent devices.
[    25.061] (EE) Wacom HID 4890 Pen stylus: Invalid type 'cursor' for this device.
[    25.061] (EE) Wacom HID 4890 Pen stylus: Invalid type 'touch' for this device.
[    25.061] (EE) Wacom HID 4890 Pen stylus: Invalid type 'pad' for this device.
[    25.061] (II) Wacom HID 4890 Pen stylus: hotplugging completed.
[    25.061] (**) Option "config_info" "udev:/sys/devices/pci0000:00/0000:00:15.0/i2c_designware.0/i2c-1/i2c-WCOM4890:00/0018:056A:4890.0002/input/input20/event7"
[    25.061] (II) XINPUT: Adding extended input device "Wacom HID 4890 Pen stylus" (type: STYLUS, id 12)
[    25.062] (**) Wacom HID 4890 Pen stylus: (accel) keeping acceleration scheme 1
[    25.062] (**) Wacom HID 4890 Pen stylus: (accel) acceleration profile 0
[    25.062] (**) Wacom HID 4890 Pen stylus: (accel) acceleration factor: 2.000
[    25.062] (**) Wacom HID 4890 Pen stylus: (accel) acceleration threshold: 4
[    25.062] (II) config/udev: Adding input device Wacom HID 4890 Pen (/dev/input/mouse2)
[    25.062] (II) No input driver specified, ignoring this device.
[    25.062] (II) This device may have been added with another device file.
[    25.063] (II) config/udev: Adding input device Wacom HID 4890 Finger (/dev/input/event8)
[    25.063] (**) Wacom HID 4890 Finger: Applying InputClass "libinput touchscreen catchall"
[    25.063] (**) Wacom HID 4890 Finger: Applying InputClass "Wacom USB touchscreen class"
[    25.063] (**) Wacom HID 4890 Finger: Applying InputClass "Wacom touchscreen class"
[    25.063] (II) Using input driver 'wacom' for 'Wacom HID 4890 Finger'
[    25.065] (II) systemd-logind: got fd for /dev/input/event8 13:72 fd 35 paused 0
[    25.065] (**) Wacom HID 4890 Finger: always reports core events
[    25.065] (**) Option "Device" "/dev/input/event8"
[    25.065] (EE) Wacom HID 4890 Finger: Invalid type 'stylus' for this device.
[    25.065] (EE) Wacom HID 4890 Finger: Invalid type 'eraser' for this device.
[    25.065] (EE) Wacom HID 4890 Finger: Invalid type 'cursor' for this device.
[    25.065] (II) Wacom HID 4890 Finger: type not specified, assuming 'touch'.
[    25.065] (II) Wacom HID 4890 Finger: other types will be automatically added.
[    25.065] (**) Wacom HID 4890 Finger touch: panscroll is 0
[    25.065] (**) Wacom HID 4890 Finger touch: panscroll modified to 13
[    25.065] (--) Wacom HID 4890 Finger touch: maxX=11752 maxY=6608 maxZ=0 resX=40000 resY=40000 
[    25.065] (II) Wacom HID 4890 Finger touch: hotplugging dependent devices.
[    25.065] (EE) Wacom HID 4890 Finger touch: Invalid type 'stylus' for this device.
[    25.065] (EE) Wacom HID 4890 Finger touch: Invalid type 'eraser' for this device.
[    25.065] (EE) Wacom HID 4890 Finger touch: Invalid type 'cursor' for this device.
[    25.065] (EE) Wacom HID 4890 Finger touch: Invalid type 'pad' for this device.
[    25.065] (II) Wacom HID 4890 Finger touch: hotplugging completed.
[    25.065] (**) Option "config_info" "udev:/sys/devices/pci0000:00/0000:00:15.0/i2c_designware.0/i2c-1/i2c-WCOM4890:00/0018:056A:4890.0002/input/input21/event8"
[    25.065] (II) XINPUT: Adding extended input device "Wacom HID 4890 Finger touch" (type: TOUCH, id 13)
[    25.065] (**) Wacom HID 4890 Finger touch: (accel) keeping acceleration scheme 1
[    25.065] (**) Wacom HID 4890 Finger touch: (accel) acceleration profile 0
[    25.065] (**) Wacom HID 4890 Finger touch: (accel) acceleration factor: 2.000
[    25.065] (**) Wacom HID 4890 Finger touch: (accel) acceleration threshold: 4
[    25.066] (II) config/udev: Adding input device Wacom HID 4890 Finger (/dev/input/mouse3)
[    25.066] (II) No input driver specified, ignoring this device.
[    25.066] (II) This device may have been added with another device file.
[    25.066] (II) config/udev: Adding input device SYNA30A0:00 06CB:CD74 Mouse (/dev/input/event6)
[    25.066] (**) SYNA30A0:00 06CB:CD74 Mouse: Applying InputClass "libinput pointer catchall"
[    25.066] (II) Using input driver 'libinput' for 'SYNA30A0:00 06CB:CD74 Mouse'
[    25.067] (II) systemd-logind: got fd for /dev/input/event6 13:70 fd 36 paused 0
[    25.067] (**) SYNA30A0:00 06CB:CD74 Mouse: always reports core events
[    25.067] (**) Option "Device" "/dev/input/event6"
[    25.067] (**) Option "_source" "server/udev"
[    25.069] (II) event6  - SYNA30A0:00 06CB:CD74 Mouse: is tagged by udev as: Mouse Pointingstick
[    25.069] (II) event6  - SYNA30A0:00 06CB:CD74 Mouse: device is a pointer
[    25.070] (II) event6  - SYNA30A0:00 06CB:CD74 Mouse: device removed
[    25.070] (**) Option "config_info" "udev:/sys/devices/pci0000:00/0000:00:15.1/i2c_designware.1/i2c-2/i2c-SYNA30A0:00/0018:06CB:CD74.0001/input/input27/event6"
[    25.070] (II) XINPUT: Adding extended input device "SYNA30A0:00 06CB:CD74 Mouse" (type: MOUSE, id 14)
[    25.070] (**) Option "AccelerationScheme" "none"
[    25.070] (**) SYNA30A0:00 06CB:CD74 Mouse: (accel) selected scheme none/0
[    25.070] (**) SYNA30A0:00 06CB:CD74 Mouse: (accel) acceleration factor: 2.000
[    25.070] (**) SYNA30A0:00 06CB:CD74 Mouse: (accel) acceleration threshold: 4
[    25.072] (II) event6  - SYNA30A0:00 06CB:CD74 Mouse: is tagged by udev as: Mouse Pointingstick
[    25.072] (II) event6  - SYNA30A0:00 06CB:CD74 Mouse: device is a pointer
[    25.073] (II) config/udev: Adding input device SYNA30A0:00 06CB:CD74 Mouse (/dev/input/mouse0)
[    25.073] (II) No input driver specified, ignoring this device.
[    25.073] (II) This device may have been added with another device file.
[    25.074] (II) config/udev: Adding input device SYNA30A0:00 06CB:CD74 Touchpad (/dev/input/event12)
[    25.074] (**) SYNA30A0:00 06CB:CD74 Touchpad: Applying InputClass "libinput touchpad catchall"
[    25.074] (II) Using input driver 'libinput' for 'SYNA30A0:00 06CB:CD74 Touchpad'
[    25.075] (II) systemd-logind: got fd for /dev/input/event12 13:76 fd 37 paused 0
[    25.075] (**) SYNA30A0:00 06CB:CD74 Touchpad: always reports core events
[    25.075] (**) Option "Device" "/dev/input/event12"
[    25.075] (**) Option "_source" "server/udev"
[    25.076] (II) event12 - SYNA30A0:00 06CB:CD74 Touchpad: is tagged by udev as: Touchpad
[    25.078] (II) event12 - SYNA30A0:00 06CB:CD74 Touchpad: device is a touchpad
[    25.078] (II) event12 - SYNA30A0:00 06CB:CD74 Touchpad: device removed
[    25.078] (**) Option "config_info" "udev:/sys/devices/pci0000:00/0000:00:15.1/i2c_designware.1/i2c-2/i2c-SYNA30A0:00/0018:06CB:CD74.0001/input/input28/event12"
[    25.078] (II) XINPUT: Adding extended input device "SYNA30A0:00 06CB:CD74 Touchpad" (type: TOUCHPAD, id 15)
[    25.079] (**) Option "AccelerationScheme" "none"
[    25.079] (**) SYNA30A0:00 06CB:CD74 Touchpad: (accel) selected scheme none/0
[    25.079] (**) SYNA30A0:00 06CB:CD74 Touchpad: (accel) acceleration factor: 2.000
[    25.079] (**) SYNA30A0:00 06CB:CD74 Touchpad: (accel) acceleration threshold: 4
[    25.081] (II) event12 - SYNA30A0:00 06CB:CD74 Touchpad: is tagged by udev as: Touchpad
[    25.082] (II) event12 - SYNA30A0:00 06CB:CD74 Touchpad: device is a touchpad
[    25.083] (II) config/udev: Adding input device SYNA30A0:00 06CB:CD74 Touchpad (/dev/input/mouse1)
[    25.083] (II) No input driver specified, ignoring this device.
[    25.083] (II) This device may have been added with another device file.
[    25.083] (II) config/udev: Adding input device sof-hda-dsp Mic (/dev/input/event17)
[    25.083] (II) No input driver specified, ignoring this device.
[    25.083] (II) This device may have been added with another device file.
[    25.084] (II) config/udev: Adding input device sof-hda-dsp Headphone (/dev/input/event18)
[    25.084] (II) No input driver specified, ignoring this device.
[    25.084] (II) This device may have been added with another device file.
[    25.084] (II) config/udev: Adding input device sof-hda-dsp HDMI/DP,pcm=3 (/dev/input/event19)
[    25.084] (II) No input driver specified, ignoring this device.
[    25.084] (II) This device may have been added with another device file.
[    25.085] (II) config/udev: Adding input device sof-hda-dsp HDMI/DP,pcm=4 (/dev/input/event20)
[    25.085] (II) No input driver specified, ignoring this device.
[    25.085] (II) This device may have been added with another device file.
[    25.085] (II) config/udev: Adding input device sof-hda-dsp HDMI/DP,pcm=5 (/dev/input/event21)
[    25.085] (II) No input driver specified, ignoring this device.
[    25.086] (II) This device may have been added with another device file.
[    25.086] (II) config/udev: Adding input device Intel HID events (/dev/input/event10)
[    25.086] (**) Intel HID events: Applying InputClass "libinput keyboard catchall"
[    25.086] (II) Using input driver 'libinput' for 'Intel HID events'
[    25.087] (II) systemd-logind: got fd for /dev/input/event10 13:74 fd 38 paused 0
[    25.087] (**) Intel HID events: always reports core events
[    25.087] (**) Option "Device" "/dev/input/event10"
[    25.087] (**) Option "_source" "server/udev"
[    25.087] (II) event10 - Intel HID events: is tagged by udev as: Keyboard
[    25.087] (II) event10 - Intel HID events: device is a keyboard
[    25.088] (II) event10 - Intel HID events: device removed
[    25.088] (**) Option "config_info" "udev:/sys/devices/platform/INT33D5:00/input/input24/event10"
[    25.088] (II) XINPUT: Adding extended input device "Intel HID events" (type: KEYBOARD, id 16)
[    25.088] (**) Option "xkb_model" "pc105"
[    25.088] (**) Option "xkb_layout" "us"
[    25.089] (II) event10 - Intel HID events: is tagged by udev as: Keyboard
[    25.089] (II) event10 - Intel HID events: device is a keyboard
[    25.090] (II) config/udev: Adding input device Intel HID 5 button array (/dev/input/event11)
[    25.090] (**) Intel HID 5 button array: Applying InputClass "libinput keyboard catchall"
[    25.090] (II) Using input driver 'libinput' for 'Intel HID 5 button array'
[    25.090] (II) systemd-logind: got fd for /dev/input/event11 13:75 fd 39 paused 0
[    25.090] (**) Intel HID 5 button array: always reports core events
[    25.090] (**) Option "Device" "/dev/input/event11"
[    25.090] (**) Option "_source" "server/udev"
[    25.091] (II) event11 - Intel HID 5 button array: is tagged by udev as: Keyboard
[    25.091] (II) event11 - Intel HID 5 button array: device is a keyboard
[    25.091] (II) event11 - Intel HID 5 button array: device removed
[    25.091] (**) Option "config_info" "udev:/sys/devices/platform/INT33D5:00/input/input25/event11"
[    25.091] (II) XINPUT: Adding extended input device "Intel HID 5 button array" (type: KEYBOARD, id 17)
[    25.091] (**) Option "xkb_model" "pc105"
[    25.091] (**) Option "xkb_layout" "us"
[    25.092] (II) event11 - Intel HID 5 button array: is tagged by udev as: Keyboard
[    25.092] (II) event11 - Intel HID 5 button array: device is a keyboard
[    25.093] (II) config/udev: Adding input device AT Translated Set 2 keyboard (/dev/input/event4)
[    25.093] (**) AT Translated Set 2 keyboard: Applying InputClass "libinput keyboard catchall"
[    25.093] (II) Using input driver 'libinput' for 'AT Translated Set 2 keyboard'
[    25.094] (II) systemd-logind: got fd for /dev/input/event4 13:68 fd 40 paused 0
[    25.094] (**) AT Translated Set 2 keyboard: always reports core events
[    25.094] (**) Option "Device" "/dev/input/event4"
[    25.094] (**) Option "_source" "server/udev"
[    25.096] (II) event4  - AT Translated Set 2 keyboard: is tagged by udev as: Keyboard
[    25.096] (II) event4  - AT Translated Set 2 keyboard: device is a keyboard
[    25.097] (II) event4  - AT Translated Set 2 keyboard: device removed
[    25.097] (**) Option "config_info" "udev:/sys/devices/platform/i8042/serio0/input/input4/event4"
[    25.097] (II) XINPUT: Adding extended input device "AT Translated Set 2 keyboard" (type: KEYBOARD, id 18)
[    25.097] (**) Option "xkb_model" "pc105"
[    25.097] (**) Option "xkb_layout" "us"
[    25.098] (II) event4  - AT Translated Set 2 keyboard: is tagged by udev as: Keyboard
[    25.098] (II) event4  - AT Translated Set 2 keyboard: device is a keyboard
[    25.100] (II) config/udev: Adding input device SynPS/2 Synaptics TouchPad (/dev/input/event16)
[    25.100] (**) SynPS/2 Synaptics TouchPad: Applying InputClass "libinput touchpad catchall"
[    25.100] (II) Using input driver 'libinput' for 'SynPS/2 Synaptics TouchPad'
[    25.101] (II) systemd-logind: got fd for /dev/input/event16 13:80 fd 41 paused 0
[    25.101] (**) SynPS/2 Synaptics TouchPad: always reports core events
[    25.101] (**) Option "Device" "/dev/input/event16"
[    25.101] (**) Option "_source" "server/udev"
[    25.102] (II) event16 - SynPS/2 Synaptics TouchPad: is tagged by udev as: Touchpad
[    25.102] (II) event16 - SynPS/2 Synaptics TouchPad: no resolution or size hints, assuming a size of 69x50mm
[    25.103] (II) event16 - SynPS/2 Synaptics TouchPad: device is a touchpad
[    25.103] (II) event16 - SynPS/2 Synaptics TouchPad: device removed
[    25.103] (**) Option "config_info" "udev:/sys/devices/platform/i8042/serio3/input/input11/event16"
[    25.103] (II) XINPUT: Adding extended input device "SynPS/2 Synaptics TouchPad" (type: TOUCHPAD, id 19)
[    25.104] (**) Option "AccelerationScheme" "none"
[    25.104] (**) SynPS/2 Synaptics TouchPad: (accel) selected scheme none/0
[    25.104] (**) SynPS/2 Synaptics TouchPad: (accel) acceleration factor: 2.000
[    25.104] (**) SynPS/2 Synaptics TouchPad: (accel) acceleration threshold: 4
[    25.106] (II) event16 - SynPS/2 Synaptics TouchPad: is tagged by udev as: Touchpad
[    25.106] (II) event16 - SynPS/2 Synaptics TouchPad: no resolution or size hints, assuming a size of 69x50mm
[    25.107] (II) event16 - SynPS/2 Synaptics TouchPad: device is a touchpad
[    25.108] (II) config/udev: Adding input device SynPS/2 Synaptics TouchPad (/dev/input/mouse4)
[    25.108] (II) No input driver specified, ignoring this device.
[    25.108] (II) This device may have been added with another device file.
[    25.110] (II) config/udev: Adding input device Wireless hotkeys (/dev/input/event9)
[    25.110] (**) Wireless hotkeys: Applying InputClass "libinput keyboard catchall"
[    25.110] (II) Using input driver 'libinput' for 'Wireless hotkeys'
[    25.111] (II) systemd-logind: got fd for /dev/input/event9 13:73 fd 42 paused 0
[    25.111] (**) Wireless hotkeys: always reports core events
[    25.111] (**) Option "Device" "/dev/input/event9"
[    25.111] (**) Option "_source" "server/udev"
[    25.112] (II) event9  - Wireless hotkeys: is tagged by udev as: Keyboard
[    25.112] (II) event9  - Wireless hotkeys: device is a keyboard
[    25.112] (II) event9  - Wireless hotkeys: device removed
[    25.112] (**) Option "config_info" "udev:/sys/devices/virtual/input/input23/event9"
[    25.112] (II) XINPUT: Adding extended input device "Wireless hotkeys" (type: KEYBOARD, id 20)
[    25.112] (**) Option "xkb_model" "pc105"
[    25.112] (**) Option "xkb_layout" "us"
[    25.113] (II) event9  - Wireless hotkeys: is tagged by udev as: Keyboard
[    25.113] (II) event9  - Wireless hotkeys: device is a keyboard
[    25.114] (II) config/udev: Adding input device HP WMI hotkeys (/dev/input/event5)
[    25.114] (**) HP WMI hotkeys: Applying InputClass "libinput keyboard catchall"
[    25.114] (II) Using input driver 'libinput' for 'HP WMI hotkeys'
[    25.114] (II) systemd-logind: got fd for /dev/input/event5 13:69 fd 43 paused 0
[    25.114] (**) HP WMI hotkeys: always reports core events
[    25.115] (**) Option "Device" "/dev/input/event5"
[    25.115] (**) Option "_source" "server/udev"
[    25.115] (II) event5  - HP WMI hotkeys: is tagged by udev as: Keyboard Switch
[    25.115] (II) event5  - HP WMI hotkeys: device is a keyboard
[    25.116] (II) event5  - HP WMI hotkeys: device removed
[    25.116] (**) Option "config_info" "udev:/sys/devices/virtual/input/input26/event5"
[    25.116] (II) XINPUT: Adding extended input device "HP WMI hotkeys" (type: KEYBOARD, id 21)
[    25.116] (**) Option "xkb_model" "pc105"
[    25.116] (**) Option "xkb_layout" "us"
[    25.117] (II) event5  - HP WMI hotkeys: is tagged by udev as: Keyboard Switch
[    25.117] (II) event5  - HP WMI hotkeys: device is a keyboard
[    25.144] (**) Wacom HID 4890 Pen eraser: Applying InputClass "libinput tablet catchall"
[    25.144] (**) Wacom HID 4890 Pen eraser: Applying InputClass "Wacom USB tablet class"
[    25.144] (**) Wacom HID 4890 Pen eraser: Applying InputClass "Wacom tablet class"
[    25.144] (II) Using input driver 'wacom' for 'Wacom HID 4890 Pen eraser'
[    25.144] (II) systemd-logind: returning pre-existing fd for /dev/input/event7 13:71
[    25.144] (**) Wacom HID 4890 Pen eraser: always reports core events
[    25.144] (**) Option "Device" "/dev/input/event7"
[    25.144] (**) Option "Type" "eraser"
[    25.145] (**) Wacom HID 4890 Pen eraser: panscroll is 1300
[    25.145] (**) Wacom HID 4890 Pen eraser: panscroll modified to 1300
[    25.145] (--) Wacom HID 4890 Pen eraser: maxX=29376 maxY=16524 maxZ=4095 resX=100000 resY=100000  tilt=enabled
[    25.145] (**) Option "config_info" "udev:/sys/devices/pci0000:00/0000:00:15.0/i2c_designware.0/i2c-1/i2c-WCOM4890:00/0018:056A:4890.0002/input/input20/event7"
[    25.145] (II) XINPUT: Adding extended input device "Wacom HID 4890 Pen eraser" (type: ERASER, id 22)
[    25.145] (**) Wacom HID 4890 Pen eraser: (accel) keeping acceleration scheme 1
[    25.145] (**) Wacom HID 4890 Pen eraser: (accel) acceleration profile 0
[    25.145] (**) Wacom HID 4890 Pen eraser: (accel) acceleration factor: 2.000
[    25.145] (**) Wacom HID 4890 Pen eraser: (accel) acceleration threshold: 4
[    25.834] (II) modeset(0): EDID vendor "AUO", prod id 21037
[    25.834] (II) modeset(0): Printing DDC gathered Modelines:
[    25.834] (II) modeset(0): Modeline "1920x1080"x0.0  142.60  1920 1978 2020 2080  1080 1083 1088 1142 +hsync -vsync (68.6 kHz eP)
[    25.834] (II) modeset(0): Modeline "1920x1080"x0.0   95.07  1920 1978 2020 2080  1080 1083 1088 1142 +hsync -vsync (45.7 kHz e)
[   411.286] (II) config/udev: Adding input device Intel HID switches (/dev/input/event22)
[   411.286] (II) No input driver specified, ignoring this device.
[   411.286] (II) This device may have been added with another device file.
