2024-09-09 19:41:00.870 [info] [main] Log level: Info
2024-09-09 19:41:00.870 [info] [main] Validating found git in: "git"
2024-09-09 19:41:00.870 [info] [main] Using git "2.25.1" from "git"
2024-09-09 19:41:00.870 [info] [Model][doInitialScan] Initial repository scan started
2024-09-09 19:41:00.870 [info] > git rev-parse --show-toplevel [8ms]
2024-09-09 19:41:00.870 [info] > git rev-parse --git-dir --git-common-dir [15ms]
2024-09-09 19:41:00.870 [info] [Model][openRepository] Opened repository: /home/joe/SimpleWebsite
2024-09-09 19:41:00.871 [info] > git config --get commit.template [8ms]
2024-09-09 19:41:00.874 [info] > git rev-parse --show-toplevel [6ms]
2024-09-09 19:41:00.884 [info] > git for-each-ref --format=%(refname)%00%(upstream:short)%00%(objectname)%00%(upstream:track)%00%(upstream:remotename)%00%(upstream:remoteref) refs/heads/master refs/remotes/master [5ms]
2024-09-09 19:41:00.891 [info] > git rev-parse --show-toplevel [9ms]
2024-09-09 19:41:00.896 [info] > git status -z -uall [8ms]
2024-09-09 19:41:00.912 [info] > git for-each-ref --format=%(refname)%00%(upstream:short)%00%(objectname)%00%(upstream:track)%00%(upstream:remotename)%00%(upstream:remoteref) refs/heads/master refs/remotes/master [10ms]
2024-09-09 19:41:00.917 [info] > git rev-parse --show-toplevel [21ms]
2024-09-09 19:41:00.919 [info] [Model][doInitialScan] Initial repository scan completed - repositories (1), closed repositories (0), parent repositories (0), unsafe repositories (0)
2024-09-09 19:41:00.933 [info] > git config --local branch.master.vscode-merge-base [17ms]
2024-09-09 19:41:00.933 [warning] [Git][config] git config failed: Failed to execute git
2024-09-09 19:41:00.938 [info] > git config --get commit.template [27ms]
2024-09-09 19:41:00.943 [info] > git reflog master --grep-reflog=branch: Created from *. [6ms]
2024-09-09 19:41:00.948 [info] > git for-each-ref --format=%(refname)%00%(upstream:short)%00%(objectname)%00%(upstream:track)%00%(upstream:remotename)%00%(upstream:remoteref) refs/heads/master refs/remotes/master [5ms]
2024-09-09 19:41:00.974 [info] > git status -z -uall [22ms]
2024-09-09 19:41:00.983 [info] > git symbolic-ref --short refs/remotes/origin/HEAD [37ms]
2024-09-09 19:41:00.983 [info] fatal: ref refs/remotes/origin/HEAD is not a symbolic ref
2024-09-09 19:41:00.984 [info] > git for-each-ref --format=%(refname)%00%(upstream:short)%00%(objectname)%00%(upstream:track)%00%(upstream:remotename)%00%(upstream:remoteref) refs/heads/master refs/remotes/master [5ms]
2024-09-09 19:41:01.001 [info] > git config --local branch.master.vscode-merge-base [12ms]
2024-09-09 19:41:01.001 [warning] [Git][config] git config failed: Failed to execute git
2024-09-09 19:41:01.009 [info] > git reflog master --grep-reflog=branch: Created from *. [4ms]
2024-09-09 19:41:01.015 [info] > git symbolic-ref --short refs/remotes/origin/HEAD [2ms]
2024-09-09 19:41:01.016 [info] fatal: ref refs/remotes/origin/HEAD is not a symbolic ref
2024-09-09 19:41:01.278 [info] > git show --textconv :index.html [7ms]
2024-09-09 19:41:01.279 [info] > git ls-files --stage -- /home/joe/SimpleWebsite/index.html [2ms]
2024-09-09 19:41:01.286 [info] > git cat-file -s ffac8543d70c01b18f3ecfbbfaa60ebb337bf0a5 [2ms]
2024-09-09 19:41:01.416 [info] > git check-ignore -v -z --stdin [2ms]
