2024-09-09 19:39:09.522 [info] [main] Log level: Info
2024-09-09 19:39:09.522 [info] [main] Validating found git in: "git"
2024-09-09 19:39:09.522 [info] [main] Using git "2.25.1" from "git"
2024-09-09 19:39:09.522 [info] [Model][doInitialScan] Initial repository scan started
2024-09-09 19:39:09.522 [info] > git rev-parse --show-toplevel [13ms]
2024-09-09 19:39:09.522 [info] > git rev-parse --git-dir --git-common-dir [3ms]
2024-09-09 19:39:09.522 [info] [Model][openRepository] Opened repository: /home/joe/SimpleWebsite
2024-09-09 19:39:09.522 [info] > git config --get commit.template [5ms]
2024-09-09 19:39:09.523 [info] > git rev-parse --show-toplevel [4ms]
2024-09-09 19:39:09.540 [info] > git rev-parse --show-toplevel [5ms]
2024-09-09 19:39:09.540 [info] > git for-each-ref --format=%(refname)%00%(upstream:short)%00%(objectname)%00%(upstream:track)%00%(upstream:remotename)%00%(upstream:remoteref) refs/heads/master refs/remotes/master [11ms]
2024-09-09 19:39:09.552 [info] > git status -z -uall [7ms]
2024-09-09 19:39:09.570 [info] > git for-each-ref --format=%(refname)%00%(upstream:short)%00%(objectname)%00%(upstream:track)%00%(upstream:remotename)%00%(upstream:remoteref) refs/heads/master refs/remotes/master [12ms]
2024-09-09 19:39:09.574 [info] > git rev-parse --show-toplevel [23ms]
2024-09-09 19:39:09.577 [info] [Model][doInitialScan] Initial repository scan completed - repositories (1), closed repositories (0), parent repositories (0), unsafe repositories (0)
2024-09-09 19:39:09.579 [info] > git config --local branch.master.vscode-merge-base [5ms]
2024-09-09 19:39:09.579 [warning] [Git][config] git config failed: Failed to execute git
2024-09-09 19:39:09.583 [info] > git config --get commit.template [14ms]
2024-09-09 19:39:09.588 [info] > git reflog master --grep-reflog=branch: Created from *. [5ms]
2024-09-09 19:39:09.593 [info] > git for-each-ref --format=%(refname)%00%(upstream:short)%00%(objectname)%00%(upstream:track)%00%(upstream:remotename)%00%(upstream:remoteref) refs/heads/master refs/remotes/master [6ms]
2024-09-09 19:39:09.602 [info] > git status -z -uall [3ms]
2024-09-09 19:39:09.602 [info] > git symbolic-ref --short refs/remotes/origin/HEAD [10ms]
2024-09-09 19:39:09.602 [info] fatal: ref refs/remotes/origin/HEAD is not a symbolic ref
2024-09-09 19:39:09.637 [info] > git for-each-ref --format=%(refname)%00%(upstream:short)%00%(objectname)%00%(upstream:track)%00%(upstream:remotename)%00%(upstream:remoteref) refs/heads/master refs/remotes/master [12ms]
2024-09-09 19:39:09.650 [info] > git config --local branch.master.vscode-merge-base [8ms]
2024-09-09 19:39:09.650 [warning] [Git][config] git config failed: Failed to execute git
2024-09-09 19:39:09.658 [info] > git reflog master --grep-reflog=branch: Created from *. [5ms]
2024-09-09 19:39:09.666 [info] > git symbolic-ref --short refs/remotes/origin/HEAD [4ms]
2024-09-09 19:39:09.666 [info] fatal: ref refs/remotes/origin/HEAD is not a symbolic ref
2024-09-09 19:39:09.856 [info] > git show --textconv :index.html [8ms]
2024-09-09 19:39:09.865 [info] > git ls-files --stage -- /home/joe/SimpleWebsite/index.html [11ms]
2024-09-09 19:39:09.873 [info] > git cat-file -s ffac8543d70c01b18f3ecfbbfaa60ebb337bf0a5 [2ms]
2024-09-09 19:39:10.084 [info] > git check-ignore -v -z --stdin [1ms]
