2024-09-09 14:51:16.158 [info] Extension host with pid 6467 started
2024-09-09 14:51:16.159 [info] Skipping acquiring lock for /home/joe/.config/Code/User/workspaceStorage/7cac0c0c4c26978ec6c9ff7a5210017d.
2024-09-09 14:51:16.306 [info] ExtensionService#_doActivateExtension vscode.git-base, startup: true, activationEvent: '*'
2024-09-09 14:51:16.338 [info] ExtensionService#_doActivateExtension vscode.github, startup: true, activationEvent: '*'
2024-09-09 14:51:16.366 [info] Eager extensions activated
2024-09-09 14:51:16.382 [info] ExtensionService#_doActivateExtension vscode.debug-auto-launch, startup: false, activationEvent: 'onStartupFinished'
2024-09-09 14:51:16.384 [info] ExtensionService#_doActivateExtension vscode.merge-conflict, startup: false, activationEvent: 'onStartupFinished'
2024-09-09 14:51:20.108 [info] ExtensionService#_doActivateExtension vscode.git, startup: false, activationEvent: 'api', root cause: vscode.github
2024-09-09 14:51:59.848 [info] ExtensionService#_doActivateExtension vscode.html-language-features, startup: false, activationEvent: 'onLanguage:html'
2024-09-09 14:52:00.025 [info] ExtensionService#_doActivateExtension vscode.emmet, startup: false, activationEvent: 'onLanguage'
2024-09-09 14:53:06.314 [error] Error: No such branch: master.
	at N.getBranch (/snap/code/168/usr/share/code/resources/app/extensions/git/dist/main.js:2:937115)
	at async T.retryRun (/snap/code/168/usr/share/code/resources/app/extensions/git/dist/main.js:2:1032816)
	at async T.run (/snap/code/168/usr/share/code/resources/app/extensions/git/dist/main.js:2:1032420)
	at async T.getBranch (/snap/code/168/usr/share/code/resources/app/extensions/git/dist/main.js:2:1020563)
	at async T.getBranchBase (/snap/code/168/usr/share/code/resources/app/extensions/git/dist/main.js:2:1020849)
	at async t.GitHistoryProvider.resolveHEADMergeBase (/snap/code/168/usr/share/code/resources/app/extensions/git/dist/main.js:2:948410)
	at async t.GitHistoryProvider.onDidRunGitStatus (/snap/code/168/usr/share/code/resources/app/extensions/git/dist/main.js:2:941737)
2024-09-09 14:53:06.327 [error] Error: No such branch: master.
	at N.getBranch (/snap/code/168/usr/share/code/resources/app/extensions/git/dist/main.js:2:937115)
	at async T.retryRun (/snap/code/168/usr/share/code/resources/app/extensions/git/dist/main.js:2:1032816)
	at async T.run (/snap/code/168/usr/share/code/resources/app/extensions/git/dist/main.js:2:1032420)
	at async T.getBranch (/snap/code/168/usr/share/code/resources/app/extensions/git/dist/main.js:2:1020563)
	at async T.getBranchBase (/snap/code/168/usr/share/code/resources/app/extensions/git/dist/main.js:2:1020849)
	at async t.GitHistoryProvider.resolveHEADMergeBase (/snap/code/168/usr/share/code/resources/app/extensions/git/dist/main.js:2:948410)
	at async t.GitHistoryProvider.onDidRunGitStatus (/snap/code/168/usr/share/code/resources/app/extensions/git/dist/main.js:2:941737)
2024-09-09 14:53:33.040 [error] Error: No such branch: master.
	at N.getBranch (/snap/code/168/usr/share/code/resources/app/extensions/git/dist/main.js:2:937115)
	at async T.retryRun (/snap/code/168/usr/share/code/resources/app/extensions/git/dist/main.js:2:1032816)
	at async T.run (/snap/code/168/usr/share/code/resources/app/extensions/git/dist/main.js:2:1032420)
	at async T.getBranch (/snap/code/168/usr/share/code/resources/app/extensions/git/dist/main.js:2:1020563)
	at async T.getBranchBase (/snap/code/168/usr/share/code/resources/app/extensions/git/dist/main.js:2:1020849)
	at async t.GitHistoryProvider.resolveHEADMergeBase (/snap/code/168/usr/share/code/resources/app/extensions/git/dist/main.js:2:948410)
	at async t.GitHistoryProvider.onDidRunGitStatus (/snap/code/168/usr/share/code/resources/app/extensions/git/dist/main.js:2:941737)
2024-09-09 14:54:28.421 [error] Error: No such branch: master.
	at N.getBranch (/snap/code/168/usr/share/code/resources/app/extensions/git/dist/main.js:2:937115)
	at async T.retryRun (/snap/code/168/usr/share/code/resources/app/extensions/git/dist/main.js:2:1032816)
	at async T.run (/snap/code/168/usr/share/code/resources/app/extensions/git/dist/main.js:2:1032420)
	at async T.getBranch (/snap/code/168/usr/share/code/resources/app/extensions/git/dist/main.js:2:1020563)
	at async T.getBranchBase (/snap/code/168/usr/share/code/resources/app/extensions/git/dist/main.js:2:1020849)
	at async t.GitHistoryProvider.resolveHEADMergeBase (/snap/code/168/usr/share/code/resources/app/extensions/git/dist/main.js:2:948410)
	at async t.GitHistoryProvider.onDidRunGitStatus (/snap/code/168/usr/share/code/resources/app/extensions/git/dist/main.js:2:941737)
2024-09-09 15:00:59.728 [error] Error: No such branch: master.
	at N.getBranch (/snap/code/168/usr/share/code/resources/app/extensions/git/dist/main.js:2:937115)
	at async T.retryRun (/snap/code/168/usr/share/code/resources/app/extensions/git/dist/main.js:2:1032816)
	at async T.run (/snap/code/168/usr/share/code/resources/app/extensions/git/dist/main.js:2:1032420)
	at async T.getBranch (/snap/code/168/usr/share/code/resources/app/extensions/git/dist/main.js:2:1020563)
	at async T.getBranchBase (/snap/code/168/usr/share/code/resources/app/extensions/git/dist/main.js:2:1020849)
	at async t.GitHistoryProvider.resolveHEADMergeBase (/snap/code/168/usr/share/code/resources/app/extensions/git/dist/main.js:2:948410)
	at async t.GitHistoryProvider.onDidRunGitStatus (/snap/code/168/usr/share/code/resources/app/extensions/git/dist/main.js:2:941737)
2024-09-09 15:01:55.583 [error] Error: No such branch: master.
	at N.getBranch (/snap/code/168/usr/share/code/resources/app/extensions/git/dist/main.js:2:937115)
	at async T.retryRun (/snap/code/168/usr/share/code/resources/app/extensions/git/dist/main.js:2:1032816)
	at async T.run (/snap/code/168/usr/share/code/resources/app/extensions/git/dist/main.js:2:1032420)
	at async T.getBranch (/snap/code/168/usr/share/code/resources/app/extensions/git/dist/main.js:2:1020563)
	at async T.getBranchBase (/snap/code/168/usr/share/code/resources/app/extensions/git/dist/main.js:2:1020849)
	at async t.GitHistoryProvider.resolveHEADMergeBase (/snap/code/168/usr/share/code/resources/app/extensions/git/dist/main.js:2:948410)
	at async t.GitHistoryProvider.onDidRunGitStatus (/snap/code/168/usr/share/code/resources/app/extensions/git/dist/main.js:2:941737)
2024-09-09 15:01:56.631 [error] Error: No such branch: master.
	at N.getBranch (/snap/code/168/usr/share/code/resources/app/extensions/git/dist/main.js:2:937115)
	at async T.retryRun (/snap/code/168/usr/share/code/resources/app/extensions/git/dist/main.js:2:1032816)
	at async T.run (/snap/code/168/usr/share/code/resources/app/extensions/git/dist/main.js:2:1032420)
	at async T.getBranch (/snap/code/168/usr/share/code/resources/app/extensions/git/dist/main.js:2:1020563)
	at async T.getBranchBase (/snap/code/168/usr/share/code/resources/app/extensions/git/dist/main.js:2:1020849)
	at async t.GitHistoryProvider.resolveHEADMergeBase (/snap/code/168/usr/share/code/resources/app/extensions/git/dist/main.js:2:948410)
	at async t.GitHistoryProvider.onDidRunGitStatus (/snap/code/168/usr/share/code/resources/app/extensions/git/dist/main.js:2:941737)
2024-09-09 15:04:07.179 [info] ExtensionService#_doActivateExtension vscode.npm, startup: false, activationEvent: 'onTerminalQuickFixRequest:ms-vscode.npm-command'
2024-09-09 15:04:09.239 [error] Error: No such branch: master.
	at N.getBranch (/snap/code/168/usr/share/code/resources/app/extensions/git/dist/main.js:2:937115)
	at async T.retryRun (/snap/code/168/usr/share/code/resources/app/extensions/git/dist/main.js:2:1032816)
	at async T.run (/snap/code/168/usr/share/code/resources/app/extensions/git/dist/main.js:2:1032420)
	at async T.getBranch (/snap/code/168/usr/share/code/resources/app/extensions/git/dist/main.js:2:1020563)
	at async T.getBranchBase (/snap/code/168/usr/share/code/resources/app/extensions/git/dist/main.js:2:1020849)
	at async t.GitHistoryProvider.resolveHEADMergeBase (/snap/code/168/usr/share/code/resources/app/extensions/git/dist/main.js:2:948410)
	at async t.GitHistoryProvider.onDidRunGitStatus (/snap/code/168/usr/share/code/resources/app/extensions/git/dist/main.js:2:941737)
2024-09-09 15:22:56.330 [info] ExtensionService#_doActivateExtension vscode.github-authentication, startup: false, activationEvent: 'onAuthenticationRequest:github'
2024-09-09 16:13:30.718 [info] Extension host terminating: renderer closed the MessagePort
2024-09-09 16:13:30.753 [error] Canceled: Canceled
	at new D (/snap/code/168/usr/share/code/resources/app/out/vs/workbench/api/node/extensionHostProcess.js:151:35235)
	at y.U (/snap/code/168/usr/share/code/resources/app/out/vs/workbench/api/node/extensionHostProcess.js:158:6005)
	at V.<computed>.F.charCodeAt.A.CharCode.DollarSign.V.<computed> (/snap/code/168/usr/share/code/resources/app/out/vs/workbench/api/node/extensionHostProcess.js:158:3107)
	at h.g (/snap/code/168/usr/share/code/resources/app/out/vs/workbench/api/node/extensionHostProcess.js:161:210015)
	at h.executeCommand (/snap/code/168/usr/share/code/resources/app/out/vs/workbench/api/node/extensionHostProcess.js:161:209453)
	at C.registerCommand.description (/snap/code/168/usr/share/code/resources/app/out/vs/workbench/api/node/extensionHostProcess.js:161:208777)
	at h (/snap/code/168/usr/share/code/resources/app/out/vs/workbench/api/node/extensionHostProcess.js:161:210554)
	at h.g (/snap/code/168/usr/share/code/resources/app/out/vs/workbench/api/node/extensionHostProcess.js:161:209546)
	at h.executeCommand (/snap/code/168/usr/share/code/resources/app/out/vs/workbench/api/node/extensionHostProcess.js:161:209453)
	at Object.executeCommand (/snap/code/168/usr/share/code/resources/app/out/vs/workbench/api/node/extensionHostProcess.js:171:30683)
	at i.O [as value] (/snap/code/168/usr/share/code/resources/app/extensions/git/dist/main.js:2:952009)
	at r.B (/snap/code/168/usr/share/code/resources/app/out/vs/workbench/api/node/extensionHostProcess.js:90:732)
	at r.C (/snap/code/168/usr/share/code/resources/app/out/vs/workbench/api/node/extensionHostProcess.js:90:802)
	at r.fire (/snap/code/168/usr/share/code/resources/app/out/vs/workbench/api/node/extensionHostProcess.js:90:1018)
	at Object.p [as dispose] (/snap/code/168/usr/share/code/resources/app/extensions/git/dist/main.js:2:972587)
	at /snap/code/168/usr/share/code/resources/app/extensions/git/dist/main.js:2:978709
	at Array.forEach (<anonymous>)
	at f.dispose (/snap/code/168/usr/share/code/resources/app/extensions/git/dist/main.js:2:978695)
	at o.<anonymous> (/snap/code/168/usr/share/code/resources/app/out/vs/workbench/api/node/extensionHostProcess.js:159:4176)
	at o.dispose (/snap/code/168/usr/share/code/resources/app/out/vs/workbench/api/node/extensionHostProcess.js:159:4273)
	at o.<anonymous> (/snap/code/168/usr/share/code/resources/app/extensions/git/dist/main.js:2:954307)
	at o.dispose (/snap/code/168/usr/share/code/resources/app/out/vs/workbench/api/node/extensionHostProcess.js:159:4273)
	at $ (/snap/code/168/usr/share/code/resources/app/out/vs/workbench/api/node/extensionHostProcess.js:30:744)
	at /snap/code/168/usr/share/code/resources/app/out/vs/workbench/api/node/extensionHostProcess.js:167:13607
	at /snap/code/168/usr/share/code/resources/app/out/vs/workbench/api/node/extensionHostProcess.js:30:1112
	at Object.dispose (/snap/code/168/usr/share/code/resources/app/out/vs/workbench/api/node/extensionHostProcess.js:11:11463)
	at m.eb (/snap/code/168/usr/share/code/resources/app/out/vs/workbench/api/node/extensionHostProcess.js:167:10282)
	at /snap/code/168/usr/share/code/resources/app/out/vs/workbench/api/node/extensionHostProcess.js:167:8153
	at Array.map (<anonymous>)
	at m.$ (/snap/code/168/usr/share/code/resources/app/out/vs/workbench/api/node/extensionHostProcess.js:167:8140)
	at m.terminate (/snap/code/168/usr/share/code/resources/app/out/vs/workbench/api/node/extensionHostProcess.js:167:8413)
	at $.terminate (/snap/code/168/usr/share/code/resources/app/out/vs/workbench/api/node/extensionHostProcess.js:171:1513)
	at n (/snap/code/168/usr/share/code/resources/app/out/vs/workbench/api/node/extensionHostProcess.js:184:10613)
	at MessagePortMain.<anonymous> (/snap/code/168/usr/share/code/resources/app/out/vs/workbench/api/node/extensionHostProcess.js:184:6805)
	at MessagePortMain.emit (node:events:519:28)
	at MessagePortMain._internalPort.emit (node:electron/js2c/utility_init:2:2619) setContext undefined
2024-09-09 16:13:30.754 [error] Canceled: Canceled
	at new D (/snap/code/168/usr/share/code/resources/app/out/vs/workbench/api/node/extensionHostProcess.js:151:35235)
	at y.U (/snap/code/168/usr/share/code/resources/app/out/vs/workbench/api/node/extensionHostProcess.js:158:6005)
	at V.<computed>.F.charCodeAt.A.CharCode.DollarSign.V.<computed> (/snap/code/168/usr/share/code/resources/app/out/vs/workbench/api/node/extensionHostProcess.js:158:3107)
	at h.g (/snap/code/168/usr/share/code/resources/app/out/vs/workbench/api/node/extensionHostProcess.js:161:210015)
	at h.executeCommand (/snap/code/168/usr/share/code/resources/app/out/vs/workbench/api/node/extensionHostProcess.js:161:209453)
	at C.registerCommand.description (/snap/code/168/usr/share/code/resources/app/out/vs/workbench/api/node/extensionHostProcess.js:161:208777)
	at h (/snap/code/168/usr/share/code/resources/app/out/vs/workbench/api/node/extensionHostProcess.js:161:210554)
	at h.g (/snap/code/168/usr/share/code/resources/app/out/vs/workbench/api/node/extensionHostProcess.js:161:209546)
	at h.executeCommand (/snap/code/168/usr/share/code/resources/app/out/vs/workbench/api/node/extensionHostProcess.js:161:209453)
	at Object.executeCommand (/snap/code/168/usr/share/code/resources/app/out/vs/workbench/api/node/extensionHostProcess.js:171:30683)
	at set hasGitHubRepositories (/snap/code/168/usr/share/code/resources/app/extensions/github/dist/extension.js:2:322969)
	at /snap/code/168/usr/share/code/resources/app/extensions/github/dist/extension.js:2:323928
	at i.value (/snap/code/168/usr/share/code/resources/app/extensions/git/dist/main.js:2:1060944)
	at r.B (/snap/code/168/usr/share/code/resources/app/out/vs/workbench/api/node/extensionHostProcess.js:90:732)
	at r.C (/snap/code/168/usr/share/code/resources/app/out/vs/workbench/api/node/extensionHostProcess.js:90:802)
	at r.fire (/snap/code/168/usr/share/code/resources/app/out/vs/workbench/api/node/extensionHostProcess.js:90:1018)
	at Object.p [as dispose] (/snap/code/168/usr/share/code/resources/app/extensions/git/dist/main.js:2:972587)
	at /snap/code/168/usr/share/code/resources/app/extensions/git/dist/main.js:2:978709
	at Array.forEach (<anonymous>)
	at f.dispose (/snap/code/168/usr/share/code/resources/app/extensions/git/dist/main.js:2:978695)
	at o.<anonymous> (/snap/code/168/usr/share/code/resources/app/out/vs/workbench/api/node/extensionHostProcess.js:159:4176)
	at o.dispose (/snap/code/168/usr/share/code/resources/app/out/vs/workbench/api/node/extensionHostProcess.js:159:4273)
	at o.<anonymous> (/snap/code/168/usr/share/code/resources/app/extensions/git/dist/main.js:2:954307)
	at o.dispose (/snap/code/168/usr/share/code/resources/app/out/vs/workbench/api/node/extensionHostProcess.js:159:4273)
	at $ (/snap/code/168/usr/share/code/resources/app/out/vs/workbench/api/node/extensionHostProcess.js:30:744)
	at /snap/code/168/usr/share/code/resources/app/out/vs/workbench/api/node/extensionHostProcess.js:167:13607
	at /snap/code/168/usr/share/code/resources/app/out/vs/workbench/api/node/extensionHostProcess.js:30:1112
	at Object.dispose (/snap/code/168/usr/share/code/resources/app/out/vs/workbench/api/node/extensionHostProcess.js:11:11463)
	at m.eb (/snap/code/168/usr/share/code/resources/app/out/vs/workbench/api/node/extensionHostProcess.js:167:10282)
	at /snap/code/168/usr/share/code/resources/app/out/vs/workbench/api/node/extensionHostProcess.js:167:8153
	at Array.map (<anonymous>)
	at m.$ (/snap/code/168/usr/share/code/resources/app/out/vs/workbench/api/node/extensionHostProcess.js:167:8140)
	at m.terminate (/snap/code/168/usr/share/code/resources/app/out/vs/workbench/api/node/extensionHostProcess.js:167:8413)
	at $.terminate (/snap/code/168/usr/share/code/resources/app/out/vs/workbench/api/node/extensionHostProcess.js:171:1513)
	at n (/snap/code/168/usr/share/code/resources/app/out/vs/workbench/api/node/extensionHostProcess.js:184:10613)
	at MessagePortMain.<anonymous> (/snap/code/168/usr/share/code/resources/app/out/vs/workbench/api/node/extensionHostProcess.js:184:6805)
	at MessagePortMain.emit (node:events:519:28)
	at MessagePortMain._internalPort.emit (node:electron/js2c/utility_init:2:2619) setContext undefined
2024-09-09 16:13:30.755 [info] Extension host with pid 6467 exiting with code 0
